<?xml version="1.0" encoding="UTF-8"?>
<!-- Generated by org.testng.reporters.JUnitXMLReporter -->
<testsuite ignored="0" hostname="Santosh" failures="1" tests="1" name="FunctionalTest" time="0.085" errors="0" timestamp="2024-12-01T22:39:52 IST">
  <testcase classname="com.project.testcases.CustomerLogin" name="custLogin" time="0.023">
    <failure type="java.lang.AssertionError" message="expected [32423] but found [123]">
      <![CDATA[java.lang.AssertionError: expected [32423] but found [123]
at com.project.testcases.CustomerLogin.custLogin(CustomerLogin.java:13)
at java.base/java.util.ArrayList.forEach(ArrayList.java:1511)
... Removed 34 stack frames]]>
    </failure>
  </testcase> <!-- custLogin -->
</testsuite> <!-- FunctionalTest -->
