<?xml version="1.0" encoding="UTF-8"?>
<!-- Generated by org.testng.reporters.JUnitReportReporter -->
<testsuite hostname="Santosh" failures="0" tests="1" name="Runner.RunCuke" time="0.144" errors="1" timestamp="2025-02-10T15:27:14 IST" skipped="0">
  <testcase classname="Runner.RunCuke" name="runScenario" time="0.144">
    <error message="TODO: implement me" type="io.cucumber.java.PendingException">
      <![CDATA[io.cucumber.java.PendingException: TODO: implement me
at Steps.LoginProductionSteps.user_enters_userid_and_password(LoginProductionSteps.java:44)
at âœ½.user enters userid and password(file:///C:/eclipse-workspace/CucmberProjectSample/src/test/resources/Features/datatable.feature:13)
]]>
    </error>
  </testcase> <!-- runScenario -->
  <system-out/>
</testsuite> <!-- Runner.RunCuke -->
